{"/Users/pauldailly/Projects/mtt/smart-home-motion-events-lambda/src/eventsources/kinesisEventSource.spec.js":{"path":"/Users/pauldailly/Projects/mtt/smart-home-motion-events-lambda/src/eventsources/kinesisEventSource.spec.js","s":{"1":1,"2":1,"3":1,"4":1,"5":1,"6":1,"7":1,"8":1,"9":1,"10":1,"11":1,"12":1},"b":{},"f":{"1":1},"fnMap":{"1":{"name":"(anonymous_1)","line":21,"loc":{"start":{"line":21,"column":27},"end":{"line":21,"column":39}}}},"statementMap":{"1":{"start":{"line":1,"column":0},"end":{"line":1,"column":38}},"2":{"start":{"line":2,"column":0},"end":{"line":2,"column":59}},"3":{"start":{"line":4,"column":0},"end":{"line":19,"column":3}},"4":{"start":{"line":6,"column":2},"end":{"line":17,"column":5}},"5":{"start":{"line":8,"column":4},"end":{"line":8,"column":46}},"6":{"start":{"line":10,"column":4},"end":{"line":15,"column":7}},"7":{"start":{"line":11,"column":6},"end":{"line":11,"column":45}},"8":{"start":{"line":12,"column":6},"end":{"line":12,"column":58}},"9":{"start":{"line":13,"column":6},"end":{"line":13,"column":58}},"10":{"start":{"line":14,"column":6},"end":{"line":14,"column":13}},"11":{"start":{"line":21,"column":0},"end":{"line":36,"column":2}},"12":{"start":{"line":22,"column":2},"end":{"line":35,"column":4}}},"branchMap":{}},"/Users/pauldailly/Projects/mtt/smart-home-motion-events-lambda/src/eventsources/kinesisEventSource.js":{"path":"/Users/pauldailly/Projects/mtt/smart-home-motion-events-lambda/src/eventsources/kinesisEventSource.js","s":{"1":1,"2":1,"3":1,"4":2,"5":2,"6":2,"7":1},"b":{},"f":{},"fnMap":{},"statementMap":{"1":{"start":{"line":1,"column":0},"end":{"line":19,"column":2}},"2":{"start":{"line":10,"column":2},"end":{"line":10,"column":79}},"3":{"start":{"line":11,"column":2},"end":{"line":16,"column":5}},"4":{"start":{"line":13,"column":4},"end":{"line":13,"column":78}},"5":{"start":{"line":14,"column":4},"end":{"line":14,"column":45}},"6":{"start":{"line":15,"column":4},"end":{"line":15,"column":31}},"7":{"start":{"line":18,"column":2},"end":{"line":18,"column":32}}},"branchMap":{}}}