TN:
SF:/Users/pauldailly/Projects/mtt/smart-home-motion-events-lambda/src/eventsources/kinesisEventSource.spec.js
FN:21,(anonymous_1)
FNF:1
FNH:1
FNDA:1,(anonymous_1)
DA:1,1
DA:2,1
DA:4,1
DA:6,1
DA:8,1
DA:10,1
DA:11,1
DA:12,1
DA:13,1
DA:14,1
DA:21,1
DA:22,1
LF:12
LH:12
BRF:0
BRH:0
end_of_record
TN:
SF:/Users/pauldailly/Projects/mtt/smart-home-motion-events-lambda/src/eventsources/kinesisEventSource.js
FNF:0
FNH:0
DA:1,1
DA:10,1
DA:11,1
DA:13,2
DA:14,2
DA:15,2
DA:18,1
LF:7
LH:7
BRF:0
BRH:0
end_of_record
